<?xml version="1.0" encoding="UTF-8"?>
<testng-results ignored="0" total="2" passed="2" failed="0" skipped="0">
  <reporter-output>
  </reporter-output>
  <suite started-at="2024-12-10T22:28:54 IST" name="Default suite" finished-at="2024-12-10T22:29:07 IST" duration-ms="13013">
    <groups>
    </groups>
    <test started-at="2024-12-10T22:28:54 IST" name="Default test" finished-at="2024-12-10T22:29:07 IST" duration-ms="13013">
      <class name="TestCases.TC_MyAccountPage">
        <test-method is-config="true" signature="setup()[pri:0, instance:TestCases.TC_MyAccountPage@7ef82753]" started-at="2024-12-10T22:28:54 IST" name="setup" finished-at="2024-12-10T22:28:56 IST" duration-ms="2670" status="PASS">
          <reporter-output>
          </reporter-output>
        </test-method> <!-- setup -->
        <test-method signature="EnterEmailId()[pri:0, instance:TestCases.TC_MyAccountPage@7ef82753]" started-at="2024-12-10T22:28:56 IST" name="EnterEmailId" finished-at="2024-12-10T22:28:56 IST" duration-ms="6" status="PASS">
          <reporter-output>
          </reporter-output>
        </test-method> <!-- EnterEmailId -->
        <test-method signature="verifyRegistrationandLogin()[pri:0, instance:TestCases.TC_MyAccountPage@7ef82753]" started-at="2024-12-10T22:28:56 IST" name="verifyRegistrationandLogin" finished-at="2024-12-10T22:29:06 IST" duration-ms="9979" status="PASS">
          <reporter-output>
          </reporter-output>
        </test-method> <!-- verifyRegistrationandLogin -->
        <test-method is-config="true" signature="tearDown()[pri:0, instance:TestCases.TC_MyAccountPage@7ef82753]" started-at="2024-12-10T22:29:06 IST" name="tearDown" finished-at="2024-12-10T22:29:07 IST" duration-ms="291" status="PASS">
          <reporter-output>
          </reporter-output>
        </test-method> <!-- tearDown -->
      </class> <!-- TestCases.TC_MyAccountPage -->
    </test> <!-- Default test -->
  </suite> <!-- Default suite -->
</testng-results>
